<?xml version="1.0" encoding="UTF-8"?>
<testsuite name="AppTest" tests="2" skipped="0" failures="0" errors="0" timestamp="2016-02-10T23:15:04" hostname="epicodus-59.local" time="0.011">
  <properties/>
  <testcase name="replaceWord_findsAWordAndReplacesAllThoseWords" classname="AppTest" time="0.005"/>
  <testcase name="replaceWords_findsAWordOrPartialWordAndReplacesAllThoseWords" classname="AppTest" time="0.0"/>
  <system-out><![CDATA[]]></system-out>
  <system-err><![CDATA[]]></system-err>
</testsuite>
